<?xml version="1.0" encoding="UTF-8"?>
<!-- Generated by org.testng.reporters.JUnitXMLReporter -->
<testsuite hostname="DESKTOP-03DBQVL" ignored="0" name="Cruise" tests="2" failures="1" timestamp="17 Sep 2019 03:24:12 GMT" time="41.591" errors="0">
  <testcase name="Cruise_Travel" time="1.975" classname="com.OnlineTravel.Cruise_Travel"/>
  <testcase name="Singapore_malaysia" time="11.174" classname="com.OnlineTravel.Cruise_Travel">
    <failure type="java.lang.AssertionError" message="expected [21000] but found [20000]">
      <![CDATA[java.lang.AssertionError: expected [21000] but found [20000]
at com.OnlineTravel.Cruise_Travel.Singapore_malaysia(Cruise_Travel.java:67)
... Removed 31 stack frames]]>
    </failure>
  </testcase> <!-- Singapore_malaysia -->
</testsuite> <!-- Cruise -->
