<?xml version="1.0" encoding="UTF-8"?>
<!-- Generated by org.testng.reporters.JUnitXMLReporter -->
<testsuite hostname="DESKTOP-03DBQVL" ignored="0" name="Test" tests="2" failures="1" timestamp="14 Sep 2019 11:16:33 GMT" time="32.374" errors="0">
  <testcase name="Cruise_Travel" time="1.358" classname="com.OnlineTravel.Cruise_Travel"/>
  <testcase name="Singapore_malaysia" time="10.404" classname="com.OnlineTravel.Cruise_Travel">
    <failure type="java.lang.AssertionError" message="expected [21000] but found [20000]">
      <![CDATA[java.lang.AssertionError: expected [21000] but found [20000]
at com.OnlineTravel.Cruise_Travel.Singapore_malaysia(Cruise_Travel.java:67)
... Removed 31 stack frames]]>
    </failure>
  </testcase> <!-- Singapore_malaysia -->
</testsuite> <!-- Test -->
