<?xml version="1.0" encoding="UTF-8"?>
<testng-results skipped="0" failed="0" ignored="0" total="1" passed="1">
  <reporter-output>
  </reporter-output>
  <suite name="Default suite" duration-ms="22024" started-at="2019-09-17T04:37:39Z" finished-at="2019-09-17T04:38:01Z">
    <groups>
    </groups>
    <test name="Default test" duration-ms="22024" started-at="2019-09-17T04:37:39Z" finished-at="2019-09-17T04:38:01Z">
      <class name="com.OnlineTravel.Train">
        <test-method status="PASS" signature="Opening_Page()[pri:0, instance:com.OnlineTravel.Train@ae45eb6]" name="Opening_Page" is-config="true" duration-ms="15325" started-at="2019-09-17T04:37:39Z" finished-at="2019-09-17T04:37:55Z">
          <reporter-output>
          </reporter-output>
        </test-method> <!-- Opening_Page -->
        <test-method status="PASS" signature="Train_Travel()[pri:0, instance:com.OnlineTravel.Train@ae45eb6]" name="Train_Travel" duration-ms="6668" started-at="2019-09-17T04:37:55Z" finished-at="2019-09-17T04:38:01Z">
          <reporter-output>
          </reporter-output>
        </test-method> <!-- Train_Travel -->
      </class> <!-- com.OnlineTravel.Train -->
    </test> <!-- Default test -->
  </suite> <!-- Default suite -->
</testng-results>
